<?xml version="1.0" encoding="UTF-8"?>
<!-- Generated by org.testng.reporters.JUnitReportReporter -->
<testsuite hostname="TYSS-Girija" failures="0" tests="1" name="com.demoGithub.practice.PushDemo" time="2.831" errors="0" timestamp="2022-10-04T15:21:10 IST" skipped="0">
  <testcase classname="com.demoGithub.practice.PushDemo" name="test" time="2.831"/>
  <system-out/>
</testsuite> <!-- com.demoGithub.practice.PushDemo -->
